{"context":"RoutesResolver","level":"info","message":"AppController {/}:"}
{"context":"RouterExplorer","level":"info","message":"Mapped {/, GET} route"}
{"context":"RoutesResolver","level":"info","message":"AuthController {/auth}:"}
{"context":"RouterExplorer","level":"info","message":"Mapped {/auth/login, POST} route"}
{"context":"RouterExplorer","level":"info","message":"Mapped {/auth/logout, POST} route"}
{"context":"RouterExplorer","level":"info","message":"Mapped {/auth/login, GET} route"}
{"context":"RouterExplorer","level":"info","message":"Mapped {/auth/loginRedirect, GET} route"}
{"context":"RoutesResolver","level":"info","message":"GovUserController {/gov-user}:"}
{"context":"RouterExplorer","level":"info","message":"Mapped {/gov-user/create, POST} route"}
{"context":"RouterExplorer","level":"info","message":"Mapped {/gov-user/all, GET} route"}
{"context":"RouterExplorer","level":"info","message":"Mapped {/gov-user/exists/:cc, GET} route"}
{"context":"RouterExplorer","level":"info","message":"Mapped {/gov-user/:id, GET} route"}
{"context":"RouterExplorer","level":"info","message":"Mapped {/gov-user/update, POST} route"}
{"context":"RouterExplorer","level":"info","message":"Mapped {/gov-user/delete, POST} route"}
{"context":"RoutesResolver","level":"info","message":"UserController {/user}:"}
{"context":"RouterExplorer","level":"info","message":"Mapped {/user/changePassword, POST} route"}
{"context":"RouterExplorer","level":"info","message":"Mapped {/user/create, POST} route"}
{"context":"RouterExplorer","level":"info","message":"Mapped {/user/update, POST} route"}
{"context":"RouterExplorer","level":"info","message":"Mapped {/user/delete, POST} route"}
{"context":"RouterExplorer","level":"info","message":"Mapped {/user/get/:id, GET} route"}
{"context":"RouterExplorer","level":"info","message":"Mapped {/user/info/:userId, GET} route"}
{"context":"RouterExplorer","level":"info","message":"Mapped {/user/exists/:username, GET} route"}
{"context":"RouterExplorer","level":"info","message":"Mapped {/user/all, GET} route"}
{"context":"RouterExplorer","level":"info","message":"Mapped {/user/myMonitor, GET} route"}
{"context":"RouterExplorer","level":"info","message":"Mapped {/user/studyMonitor/total, GET} route"}
{"context":"RouterExplorer","level":"info","message":"Mapped {/user/myMonitor/total, GET} route"}
{"context":"RouterExplorer","level":"info","message":"Mapped {/user/tag/nameExists/:name, GET} route"}
{"context":"RouterExplorer","level":"info","message":"Mapped {/user/type/:user, GET} route"}
{"context":"RouterExplorer","level":"info","message":"Mapped {/user/websites/:user, GET} route"}
{"context":"RouterExplorer","level":"info","message":"Mapped {/user/tags/:user, GET} route"}
{"context":"RoutesResolver","level":"info","message":"ObservatoryController {/observatory}:"}
{"context":"RouterExplorer","level":"info","message":"Mapped {/observatory, GET} route"}
{"context":"RouterExplorer","level":"info","message":"Mapped {/observatory/generate, POST} route"}
{"context":"RoutesResolver","level":"info","message":"PageController {/page}:"}
{"context":"RouterExplorer","level":"info","message":"Mapped {/page/reEvaluate, POST} route"}
{"context":"RouterExplorer","level":"info","message":"Mapped {/page/observatory/total, GET} route"}
{"context":"RouterExplorer","level":"info","message":"Mapped {/page/reEvaluateMulti, POST} route"}
{"context":"RouterExplorer","level":"info","message":"Mapped {/page/evaluationList/admin/evaluating, GET} route"}
{"context":"RouterExplorer","level":"info","message":"Mapped {/page/evaluationList/admin/waiting, GET} route"}
{"context":"RouterExplorer","level":"info","message":"Mapped {/page/evaluationList/admin/error, GET} route"}
{"context":"RouterExplorer","level":"info","message":"Mapped {/page/evaluationList/user/evaluating, GET} route"}
{"context":"RouterExplorer","level":"info","message":"Mapped {/page/evaluationList/user/waiting, GET} route"}
{"context":"RouterExplorer","level":"info","message":"Mapped {/page/evaluationList/user/error, GET} route"}
{"context":"RouterExplorer","level":"info","message":"Mapped {/page/evaluationList/error/delete, POST} route"}
{"context":"RouterExplorer","level":"info","message":"Mapped {/page/evaluationList/error, GET} route"}
{"context":"RouterExplorer","level":"info","message":"Mapped {/page/all/count/:search, GET} route"}
{"context":"RouterExplorer","level":"info","message":"Mapped {/page/all/:size/:page/:sort/:direction/:search, GET} route"}
{"context":"RouterExplorer","level":"info","message":"Mapped {/page/myMonitor/website/:website, GET} route"}
{"context":"RouterExplorer","level":"info","message":"Mapped {/page/myMonitor/create, POST} route"}
{"context":"RouterExplorer","level":"info","message":"Mapped {/page/myMonitor/remove, POST} route"}
{"context":"RouterExplorer","level":"info","message":"Mapped {/page/studyMonitor/tag/:tag/website/:website, GET} route"}
{"context":"RouterExplorer","level":"info","message":"Mapped {/page/add, POST} route"}
{"context":"RouterExplorer","level":"info","message":"Mapped {/page/page/evaluate, POST} route"}
{"context":"RouterExplorer","level":"info","message":"Mapped {/page/myMonitor/evaluate, POST} route"}
{"context":"RouterExplorer","level":"info","message":"Mapped {/page/studyMonitor/evaluate, POST} route"}
{"context":"RouterExplorer","level":"info","message":"Mapped {/page/studyMonitor/create, POST} route"}
{"context":"RouterExplorer","level":"info","message":"Mapped {/page/studyMonitor/remove, POST} route"}
{"context":"RouterExplorer","level":"info","message":"Mapped {/page/update, POST} route"}
{"context":"RouterExplorer","level":"info","message":"Mapped {/page/delete, POST} route"}
{"context":"RouterExplorer","level":"info","message":"Mapped {/page/import, POST} route"}
{"context":"RoutesResolver","level":"info","message":"EvaluationController {/evaluation}:"}
{"context":"RouterExplorer","level":"info","message":"Mapped {/evaluation/ams/counter, GET} route"}
{"context":"RouterExplorer","level":"info","message":"Mapped {/evaluation/mm/counter, GET} route"}
{"context":"RouterExplorer","level":"info","message":"Mapped {/evaluation/sm/counter, GET} route"}
{"context":"RouterExplorer","level":"info","message":"Mapped {/evaluation/am/counter, GET} route"}
{"context":"RouterExplorer","level":"info","message":"Mapped {/evaluation/admin/reset, GET} route"}
{"context":"RouterExplorer","level":"info","message":"Mapped {/evaluation/admin/delete, GET} route"}
{"context":"RouterExplorer","level":"info","message":"Mapped {/evaluation/mm/reset, GET} route"}
{"context":"RouterExplorer","level":"info","message":"Mapped {/evaluation/mm/delete, GET} route"}
{"context":"RouterExplorer","level":"info","message":"Mapped {/evaluation/sm/reset, GET} route"}
{"context":"RouterExplorer","level":"info","message":"Mapped {/evaluation/sm/delete, GET} route"}
{"context":"RouterExplorer","level":"info","message":"Mapped {/evaluation/myMonitor/website/evaluations/:website, GET} route"}
{"context":"RouterExplorer","level":"info","message":"Mapped {/evaluation/myMonitor/:website/:url, GET} route"}
{"context":"RouterExplorer","level":"info","message":"Mapped {/evaluation/studyMonitor/tag/:tag/website/evaluations/:website, GET} route"}
{"context":"RouterExplorer","level":"info","message":"Mapped {/evaluation/studyMonitor/:tag/:website/:url, GET} route"}
{"context":"RouterExplorer","level":"info","message":"Mapped {/evaluation/:type/page/:page, GET} route"}
{"context":"RouterExplorer","level":"info","message":"Mapped {/evaluation/:url/:evaluationId, GET} route"}
{"context":"RouterExplorer","level":"info","message":"Mapped {/evaluation/user/:type/:url, GET} route"}
{"context":"RouterExplorer","level":"info","message":"Mapped {/evaluation/list/tryAgain, POST} route"}
{"context":"RouterExplorer","level":"info","message":"Mapped {/evaluation/website/:website/evaluations/:sample, GET} route"}
{"context":"RoutesResolver","level":"info","message":"TagController {/tag}:"}
{"context":"RouterExplorer","level":"info","message":"Mapped {/tag/reEvaluate, POST} route"}
{"context":"RouterExplorer","level":"info","message":"Mapped {/tag/create, POST} route"}
{"context":"RouterExplorer","level":"info","message":"Mapped {/tag/update, POST} route"}
{"context":"RouterExplorer","level":"info","message":"Mapped {/tag/delete, POST} route"}
{"context":"RouterExplorer","level":"info","message":"Mapped {/tag/deleteBulk, POST} route"}
{"context":"RouterExplorer","level":"info","message":"Mapped {/tag/pages/deleteBulk, POST} route"}
{"context":"RouterExplorer","level":"info","message":"Mapped {/tag/user/create, POST} route"}
{"context":"RouterExplorer","level":"info","message":"Mapped {/tag/user/remove, POST} route"}
{"context":"RouterExplorer","level":"info","message":"Mapped {/tag/import, POST} route"}
{"context":"RouterExplorer","level":"info","message":"Mapped {/tag/exists/:tagName, GET} route"}
{"context":"RouterExplorer","level":"info","message":"Mapped {/tag/all, GET} route"}
{"context":"RouterExplorer","level":"info","message":"Mapped {/tag/:tag/user/:user/websites/study, GET} route"}
{"context":"RouterExplorer","level":"info","message":"Mapped {/tag/:tag/user/:user/websites, GET} route"}
{"context":"RouterExplorer","level":"info","message":"Mapped {/tag/:tag/website/:website/user/:user/pages, GET} route"}
{"context":"RouterExplorer","level":"info","message":"Mapped {/tag/:tag/websites/pages, GET} route"}
{"context":"RouterExplorer","level":"info","message":"Mapped {/tag/info/:tagId, GET} route"}
{"context":"RouterExplorer","level":"info","message":"Mapped {/tag/allOfficial, GET} route"}
{"context":"RouterExplorer","level":"info","message":"Mapped {/tag/studyMonitor/total, GET} route"}
{"context":"RouterExplorer","level":"info","message":"Mapped {/tag/observatory/total, GET} route"}
{"context":"RouterExplorer","level":"info","message":"Mapped {/tag/studyMonitor, GET} route"}
{"context":"RouterExplorer","level":"info","message":"Mapped {/tag/studyMonitor/:tag/data, GET} route"}
{"context":"RouterExplorer","level":"info","message":"Mapped {/tag/studyMonitor/:tag/website/:website/data, GET} route"}
{"context":"RoutesResolver","level":"info","message":"WebsiteController {/website}:"}
{"context":"RouterExplorer","level":"info","message":"Mapped {/website/reEvaluate, POST} route"}
{"context":"RouterExplorer","level":"info","message":"Mapped {/website/create, POST} route"}
{"context":"RouterExplorer","level":"info","message":"Mapped {/website/update, POST} route"}
{"context":"RouterExplorer","level":"info","message":"Mapped {/website/pages/updateObservatory, POST} route"}
{"context":"RouterExplorer","level":"info","message":"Mapped {/website/deleteBulk, POST} route"}
{"context":"RouterExplorer","level":"info","message":"Mapped {/website/delete, POST} route"}
{"context":"RouterExplorer","level":"info","message":"Mapped {/website/myMonitor/url/:website, GET} route"}
{"context":"RouterExplorer","level":"info","message":"Mapped {/website/pages/deleteBulk, POST} route"}
{"context":"RouterExplorer","level":"info","message":"Mapped {/website/import, POST} route"}
{"context":"RouterExplorer","level":"info","message":"Mapped {/website/all/count/:search, GET} route"}
{"context":"RouterExplorer","level":"info","message":"Mapped {/website/all/:size/:page/:sort/:direction/:search, GET} route"}
{"context":"RouterExplorer","level":"info","message":"Mapped {/website/info/:websiteId, GET} route"}
{"context":"RouterExplorer","level":"info","message":"Mapped {/website/:website/user/:user/pages, GET} route"}
{"context":"RouterExplorer","level":"info","message":"Mapped {/website/csv, GET} route"}
{"context":"RouterExplorer","level":"info","message":"Mapped {/website/pages/:websiteId, GET} route"}
{"context":"RouterExplorer","level":"info","message":"Mapped {/website/official, GET} route"}
{"context":"RouterExplorer","level":"info","message":"Mapped {/website/withoutUser, GET} route"}
{"context":"RouterExplorer","level":"info","message":"Mapped {/website/withoutEntity, GET} route"}
{"context":"RouterExplorer","level":"info","message":"Mapped {/website/studyMonitor/total, GET} route"}
{"context":"RouterExplorer","level":"info","message":"Mapped {/website/myMonitor/total, GET} route"}
{"context":"RouterExplorer","level":"info","message":"Mapped {/website/observatory/total, GET} route"}
{"context":"RouterExplorer","level":"info","message":"Mapped {/website/exists/:name, GET} route"}
{"context":"RouterExplorer","level":"info","message":"Mapped {/website/exists/url/:url, GET} route"}
{"context":"RouterExplorer","level":"info","message":"Mapped {/website/isInObservatory, POST} route"}
{"context":"RouterExplorer","level":"info","message":"Mapped {/website/transferObservatoryPages, POST} route"}
{"context":"RouterExplorer","level":"info","message":"Mapped {/website/myMonitor, GET} route"}
{"context":"RouterExplorer","level":"info","message":"Mapped {/website/myMonitor/reEvaluate, POST} route"}
{"context":"RouterExplorer","level":"info","message":"Mapped {/website/studyMonitor/reEvaluate, POST} route"}
{"context":"RouterExplorer","level":"info","message":"Mapped {/website/studyMonitor/tag/:tag, GET} route"}
{"context":"RouterExplorer","level":"info","message":"Mapped {/website/studyMonitor/otherTags/:tag, GET} route"}
{"context":"RouterExplorer","level":"info","message":"Mapped {/website/studyMonitor/tag/:tag/website/nameExists/:website, GET} route"}
{"context":"RouterExplorer","level":"info","message":"Mapped {/website/studyMonitor/tag/:tag/websiteExists/:startingUrl, GET} route"}
{"context":"RouterExplorer","level":"info","message":"Mapped {/website/studyMonitor/link, POST} route"}
{"context":"RouterExplorer","level":"info","message":"Mapped {/website/studyMonitor/create, POST} route"}
{"context":"RouterExplorer","level":"info","message":"Mapped {/website/studyMonitor/remove, POST} route"}
{"context":"RoutesResolver","level":"info","message":"EntityController {/entity}:"}
{"context":"RouterExplorer","level":"info","message":"Mapped {/entity/reEvaluate, POST} route"}
{"context":"RouterExplorer","level":"info","message":"Mapped {/entity/observatory/total, GET} route"}
{"context":"RouterExplorer","level":"info","message":"Mapped {/entity/all/count/:search, GET} route"}
{"context":"RouterExplorer","level":"info","message":"Mapped {/entity/all/:size/:page/:sort/:direction/:search, GET} route"}
{"context":"RouterExplorer","level":"info","message":"Mapped {/entity/info/:entityId, GET} route"}
{"context":"RouterExplorer","level":"info","message":"Mapped {/entity/create, POST} route"}
{"context":"RouterExplorer","level":"info","message":"Mapped {/entity/update, POST} route"}
{"context":"RouterExplorer","level":"info","message":"Mapped {/entity/delete, POST} route"}
{"context":"RouterExplorer","level":"info","message":"Mapped {/entity/deleteBulk, POST} route"}
{"context":"RouterExplorer","level":"info","message":"Mapped {/entity/pages/deleteBulk, POST} route"}
{"context":"RouterExplorer","level":"info","message":"Mapped {/entity/exists/shortName/:shortName, GET} route"}
{"context":"RouterExplorer","level":"info","message":"Mapped {/entity/exists/longName/:longName, GET} route"}
{"context":"RouterExplorer","level":"info","message":"Mapped {/entity/websites/:entity, GET} route"}
{"context":"RouterExplorer","level":"info","message":"Mapped {/entity/websites/pages/:entity, GET} route"}
{"context":"RoutesResolver","level":"info","message":"AmpController {/amp}:"}
{"context":"RouterExplorer","level":"info","message":"Mapped {/amp/eval/:url, GET} route"}
{"context":"RouterExplorer","level":"info","message":"Mapped {/amp/eval/html, POST} route"}
{"context":"RoutesResolver","level":"info","message":"StampController {/stamp}:"}
{"context":"RouterExplorer","level":"info","message":"Mapped {/stamp/all, POST} route"}
{"context":"RouterExplorer","level":"info","message":"Mapped {/stamp/websites, POST} route"}
{"context":"RoutesResolver","level":"info","message":"CrawlerController {/crawler}:"}
{"context":"RouterExplorer","level":"info","message":"Mapped {/crawler/all, GET} route"}
{"context":"RouterExplorer","level":"info","message":"Mapped {/crawler/config, GET} route"}
{"context":"RouterExplorer","level":"info","message":"Mapped {/crawler/setConfig, POST} route"}
{"context":"RouterExplorer","level":"info","message":"Mapped {/crawler/crawl, POST} route"}
{"context":"RouterExplorer","level":"info","message":"Mapped {/crawler/tags, POST} route"}
{"context":"RouterExplorer","level":"info","message":"Mapped {/crawler/crawlUser, POST} route"}
{"context":"RouterExplorer","level":"info","message":"Mapped {/crawler/crawlUserCheck, POST} route"}
{"context":"RouterExplorer","level":"info","message":"Mapped {/crawler/crawlUserResults, POST} route"}
{"context":"RouterExplorer","level":"info","message":"Mapped {/crawler/crawlUserDelete, POST} route"}
{"context":"RouterExplorer","level":"info","message":"Mapped {/crawler/crawlStudiesUser, POST} route"}
{"context":"RouterExplorer","level":"info","message":"Mapped {/crawler/crawlStudiesUserCheck, POST} route"}
{"context":"RouterExplorer","level":"info","message":"Mapped {/crawler/tag/:tagName, GET} route"}
{"context":"RouterExplorer","level":"info","message":"Mapped {/crawler/crawlStudiesUserResults, POST} route"}
{"context":"RouterExplorer","level":"info","message":"Mapped {/crawler/crawlStudiesUserDelete, POST} route"}
{"context":"RouterExplorer","level":"info","message":"Mapped {/crawler/delete, POST} route"}
{"context":"RouterExplorer","level":"info","message":"Mapped {/crawler/deleteBulk, POST} route"}
{"context":"RouterExplorer","level":"info","message":"Mapped {/crawler/getByCrawlWebsiteID/:crawlWebsiteId, GET} route"}
{"context":"RoutesResolver","level":"info","message":"DirectoryController {/directory}:"}
{"context":"RouterExplorer","level":"info","message":"Mapped {/directory/reEvaluate, POST} route"}
{"context":"RouterExplorer","level":"info","message":"Mapped {/directory/all, GET} route"}
{"context":"RouterExplorer","level":"info","message":"Mapped {/directory/create, POST} route"}
{"context":"RouterExplorer","level":"info","message":"Mapped {/directory/exists/:directoryName, GET} route"}
{"context":"RouterExplorer","level":"info","message":"Mapped {/directory/update, POST} route"}
{"context":"RouterExplorer","level":"info","message":"Mapped {/directory/delete, POST} route"}
{"context":"RouterExplorer","level":"info","message":"Mapped {/directory/deleteBulk, POST} route"}
{"context":"RouterExplorer","level":"info","message":"Mapped {/directory/pages/deleteBulk, POST} route"}
{"context":"RouterExplorer","level":"info","message":"Mapped {/directory/observatory/total, GET} route"}
{"context":"RouterExplorer","level":"info","message":"Mapped {/directory/info/:directoryId, GET} route"}
{"context":"RouterExplorer","level":"info","message":"Mapped {/directory/:directory/tags, GET} route"}
{"context":"RouterExplorer","level":"info","message":"Mapped {/directory/:directory/websites, GET} route"}
{"context":"RouterExplorer","level":"info","message":"Mapped {/directory/:directory/websites/pages, GET} route"}
{"context":"RoutesResolver","level":"info","message":"LogController {/log}:"}
{"context":"RouterExplorer","level":"info","message":"Mapped {/log/error-log/:fileName, GET} route"}
{"context":"RouterExplorer","level":"info","message":"Mapped {/log/error-log, GET} route"}
{"context":"RouterExplorer","level":"info","message":"Mapped {/log/action-log, GET} route"}
{"context":"RouterExplorer","level":"info","message":"Mapped {/log/action-log/:fileName, GET} route"}
{"context":"RoutesResolver","level":"info","message":"DumpController {/dump}:"}
{"context":"RouterExplorer","level":"info","message":"Mapped {/dump, GET} route"}
{"context":"RouterExplorer","level":"info","message":"Mapped {/dump/file, GET} route"}
{"context":"RouterExplorer","level":"info","message":"Mapped {/dump/restart, GET} route"}
{"context":"NestApplication","level":"info","message":"Nest application successfully started"}
